TN:
SF:src\modules\appointments\services\CreateAppointmentService.ts
FN:57,__decorate
FN:57,__metadata
FN:57,__param
FN:57,__awaiter
FN:57,adopt
FN:57,fulfilled
FN:57,rejected
FN:57,step
FN:57,__generator
FN:57,sent
FN:57,g.<computed>
FN:57,verb
FN:57,step
FN:57,__importDefault
FN:15,CreateAppointmentService
FN:20,CreateAppointmentService.execute
FNF:16
FNH:14
FNDA:1,__decorate
FNDA:1,__metadata
FNDA:1,__param
FNDA:7,__awaiter
FNDA:4,adopt
FNDA:4,fulfilled
FNDA:0,rejected
FNDA:6,step
FNDA:7,__generator
FNDA:4,sent
FNDA:0,g.<computed>
FNDA:21,verb
FNDA:11,step
FNDA:1,__importDefault
FNDA:5,CreateAppointmentService
FNDA:7,CreateAppointmentService.execute
DA:1,1
DA:2,1
DA:3,1
DA:4,1
DA:5,1
DA:6,1
DA:7,1
DA:8,1
DA:9,1
DA:10,1
DA:11,1
DA:12,1
DA:13,1
DA:14,1
DA:15,1
DA:16,5
DA:17,5
DA:18,5
DA:19,1
DA:20,1
DA:21,7
DA:22,7
DA:23,7
DA:24,7
DA:25,7
DA:26,7
DA:27,7
DA:28,3
DA:29,3
DA:30,4
DA:31,7
DA:32,1
DA:33,1
DA:34,3
DA:35,7
DA:36,1
DA:37,1
DA:38,2
DA:39,2
DA:40,2
DA:41,2
DA:42,7
DA:43,7
DA:44,0
DA:45,0
DA:46,7
DA:47,7
DA:48,7
DA:49,7
DA:50,7
DA:51,7
DA:52,7
DA:53,7
DA:54,7
DA:55,1
DA:56,1
DA:57,1
LF:57
LH:55
BRDA:57,0,0,1
BRDA:57,1,0,1
BRDA:57,2,0,0
BRDA:57,3,0,0
BRDA:57,4,0,0
BRDA:57,5,0,0
BRDA:57,6,0,1
BRDA:57,7,0,1
BRDA:57,8,0,1
BRDA:57,9,0,7
BRDA:57,10,0,4
BRDA:57,11,0,0
BRDA:57,12,0,7
BRDA:57,13,0,4
BRDA:57,14,0,0
BRDA:57,15,0,6
BRDA:57,16,0,2
BRDA:57,17,0,4
BRDA:57,18,0,7
BRDA:57,19,0,4
BRDA:57,20,0,0
BRDA:57,21,0,21
BRDA:57,22,0,11
BRDA:57,23,0,11
BRDA:57,24,0,0
BRDA:57,25,0,22
BRDA:57,26,0,0
BRDA:57,27,0,0
BRDA:57,28,0,0
BRDA:57,29,0,0
BRDA:57,30,0,11
BRDA:57,31,0,11
BRDA:57,32,0,4
BRDA:57,33,0,0
BRDA:57,34,0,0
BRDA:57,35,0,7
BRDA:57,36,0,0
BRDA:57,37,0,2
BRDA:57,38,0,0
BRDA:57,39,0,0
BRDA:57,40,0,0
BRDA:57,41,0,0
BRDA:57,42,0,11
BRDA:57,43,0,6
BRDA:57,44,0,5
BRDA:57,45,0,11
BRDA:57,46,0,7
BRDA:57,47,0,5
BRDA:57,48,0,2
BRDA:57,49,0,0
BRDA:57,50,0,1
BRDA:57,51,0,0
BRDA:14,52,0,1
BRDA:15,53,0,5
BRDA:20,54,0,7
BRDA:57,55,0,7
BRDA:57,56,0,11
BRDA:57,57,0,7
BRDA:27,58,0,3
BRDA:29,59,0,4
BRDA:31,60,0,1
BRDA:33,61,0,3
BRDA:35,62,0,2
BRDA:35,63,0,1
BRDA:37,64,0,2
BRDA:57,65,0,2
BRDA:43,66,0,0
BRDA:57,67,0,2
BRF:68
BRH:46
end_of_record
TN:
SF:src\modules\appointments\services\ListProviderDayAvailabilityService.ts
FN:63,__decorate
FN:63,__metadata
FN:63,__param
FN:63,__awaiter
FN:63,adopt
FN:63,fulfilled
FN:63,rejected
FN:63,step
FN:63,__generator
FN:63,sent
FN:63,g.<computed>
FN:63,verb
FN:63,step
FN:19,ListProviderDayAvailabilityService
FN:23,ListProviderDayAvailabilityService.execute
FNF:15
FNH:13
FNDA:1,__decorate
FNDA:1,__metadata
FNDA:1,__param
FNDA:1,__awaiter
FNDA:1,adopt
FNDA:1,fulfilled
FNDA:0,rejected
FNDA:2,step
FNDA:1,__generator
FNDA:1,sent
FNDA:0,g.<computed>
FNDA:3,verb
FNDA:2,step
FNDA:1,ListProviderDayAvailabilityService
FNDA:1,ListProviderDayAvailabilityService.execute
DA:1,1
DA:2,1
DA:3,1
DA:4,1
DA:5,1
DA:6,1
DA:7,1
DA:8,1
DA:9,1
DA:10,1
DA:11,1
DA:12,1
DA:13,1
DA:14,1
DA:15,1
DA:16,1
DA:17,1
DA:18,1
DA:19,1
DA:20,1
DA:21,1
DA:22,1
DA:23,1
DA:24,1
DA:25,1
DA:26,1
DA:27,1
DA:28,1
DA:29,1
DA:30,1
DA:31,1
DA:32,1
DA:33,1
DA:34,1
DA:35,1
DA:36,1
DA:37,1
DA:38,1
DA:39,1
DA:40,1
DA:41,1
DA:42,1
DA:43,1
DA:44,1
DA:45,1
DA:46,1
DA:47,1
DA:48,10
DA:49,10
DA:50,10
DA:51,10
DA:52,10
DA:53,10
DA:54,10
DA:55,10
DA:56,10
DA:57,1
DA:58,1
DA:59,1
DA:60,1
DA:61,1
DA:62,1
DA:63,1
LF:63
LH:63
BRDA:63,0,0,1
BRDA:63,1,0,1
BRDA:63,2,0,0
BRDA:63,3,0,0
BRDA:63,4,0,0
BRDA:63,5,0,0
BRDA:63,6,0,1
BRDA:63,7,0,1
BRDA:63,8,0,1
BRDA:63,9,0,1
BRDA:63,10,0,1
BRDA:63,11,0,0
BRDA:63,12,0,1
BRDA:63,13,0,1
BRDA:63,14,0,0
BRDA:63,15,0,2
BRDA:63,16,0,1
BRDA:63,17,0,1
BRDA:63,18,0,1
BRDA:63,19,0,1
BRDA:63,20,0,0
BRDA:63,21,0,3
BRDA:63,22,0,2
BRDA:63,23,0,2
BRDA:63,24,0,0
BRDA:63,25,0,4
BRDA:63,26,0,0
BRDA:63,27,0,0
BRDA:63,28,0,0
BRDA:63,29,0,0
BRDA:63,30,0,2
BRDA:63,31,0,2
BRDA:63,32,0,1
BRDA:63,33,0,0
BRDA:63,34,0,0
BRDA:63,35,0,1
BRDA:63,36,0,0
BRDA:63,37,0,0
BRDA:63,38,0,0
BRDA:63,39,0,0
BRDA:63,40,0,0
BRDA:63,41,0,2
BRDA:63,42,0,0
BRDA:63,43,0,2
BRDA:63,44,0,1
BRDA:63,45,0,0
BRDA:63,46,0,1
BRDA:63,47,0,0
BRDA:18,48,0,1
BRDA:19,49,0,1
BRDA:23,50,0,1
BRDA:63,51,0,1
BRDA:63,52,0,2
BRDA:29,53,0,1
BRDA:63,54,0,1
BRDA:42,55,0,10
BRDA:47,56,0,10
BRDA:55,57,0,8
BRDA:49,58,0,19
BRF:59
BRH:37
end_of_record
TN:
SF:src\modules\appointments\services\ListProviderMonthAvailabilityService.ts
FN:57,__decorate
FN:57,__metadata
FN:57,__param
FN:57,__awaiter
FN:57,adopt
FN:57,fulfilled
FN:57,rejected
FN:57,step
FN:57,__generator
FN:57,sent
FN:57,g.<computed>
FN:57,verb
FN:57,step
FN:18,ListProviderMonthAvailabilityService
FN:22,ListProviderMonthAvailabilityService.execute
FNF:15
FNH:13
FNDA:1,__decorate
FNDA:1,__metadata
FNDA:1,__param
FNDA:1,__awaiter
FNDA:1,adopt
FNDA:1,fulfilled
FNDA:0,rejected
FNDA:2,step
FNDA:1,__generator
FNDA:1,sent
FNDA:0,g.<computed>
FNDA:3,verb
FNDA:2,step
FNDA:1,ListProviderMonthAvailabilityService
FNDA:1,ListProviderMonthAvailabilityService.execute
DA:1,1
DA:2,1
DA:3,1
DA:4,1
DA:5,1
DA:6,1
DA:7,1
DA:8,1
DA:9,1
DA:10,1
DA:11,1
DA:12,1
DA:13,1
DA:14,1
DA:15,1
DA:16,1
DA:17,1
DA:18,1
DA:19,1
DA:20,1
DA:21,1
DA:22,1
DA:23,1
DA:24,1
DA:25,1
DA:26,1
DA:27,1
DA:28,1
DA:29,1
DA:30,1
DA:31,1
DA:32,1
DA:33,1
DA:34,1
DA:35,1
DA:36,1
DA:37,1
DA:38,1
DA:39,1
DA:40,1
DA:41,1
DA:42,1
DA:43,31
DA:44,310
DA:45,31
DA:46,31
DA:47,31
DA:48,31
DA:49,31
DA:50,31
DA:51,1
DA:52,1
DA:53,1
DA:54,1
DA:55,1
DA:56,1
DA:57,1
LF:57
LH:57
BRDA:57,0,0,1
BRDA:57,1,0,1
BRDA:57,2,0,0
BRDA:57,3,0,0
BRDA:57,4,0,0
BRDA:57,5,0,0
BRDA:57,6,0,1
BRDA:57,7,0,1
BRDA:57,8,0,1
BRDA:57,9,0,1
BRDA:57,10,0,1
BRDA:57,11,0,0
BRDA:57,12,0,1
BRDA:57,13,0,1
BRDA:57,14,0,0
BRDA:57,15,0,2
BRDA:57,16,0,1
BRDA:57,17,0,1
BRDA:57,18,0,1
BRDA:57,19,0,1
BRDA:57,20,0,0
BRDA:57,21,0,3
BRDA:57,22,0,2
BRDA:57,23,0,2
BRDA:57,24,0,0
BRDA:57,25,0,4
BRDA:57,26,0,0
BRDA:57,27,0,0
BRDA:57,28,0,0
BRDA:57,29,0,0
BRDA:57,30,0,2
BRDA:57,31,0,2
BRDA:57,32,0,1
BRDA:57,33,0,0
BRDA:57,34,0,0
BRDA:57,35,0,1
BRDA:57,36,0,0
BRDA:57,37,0,0
BRDA:57,38,0,0
BRDA:57,39,0,0
BRDA:57,40,0,0
BRDA:57,41,0,2
BRDA:57,42,0,0
BRDA:57,43,0,2
BRDA:57,44,0,1
BRDA:57,45,0,0
BRDA:57,46,0,1
BRDA:57,47,0,0
BRDA:17,48,0,1
BRDA:18,49,0,1
BRDA:22,50,0,1
BRDA:57,51,0,1
BRDA:57,52,0,2
BRDA:27,53,0,1
BRDA:57,54,0,1
BRDA:39,55,0,31
BRDA:42,56,0,31
BRDA:43,57,0,310
BRF:58
BRH:36
end_of_record
TN:
SF:src\modules\appointments\services\ListProvidersService.ts
FN:24,__decorate
FN:24,__metadata
FN:24,__param
FN:24,__awaiter
FN:24,adopt
FN:24,fulfilled
FN:24,rejected
FN:24,step
FN:24,__generator
FN:24,sent
FN:24,g.<computed>
FN:24,verb
FN:24,step
FN:11,ListProvidersService
FN:15,ListProvidersService.execute
FNF:15
FNH:13
FNDA:1,__decorate
FNDA:1,__metadata
FNDA:1,__param
FNDA:1,__awaiter
FNDA:1,adopt
FNDA:1,fulfilled
FNDA:0,rejected
FNDA:2,step
FNDA:1,__generator
FNDA:1,sent
FNDA:0,g.<computed>
FNDA:3,verb
FNDA:2,step
FNDA:1,ListProvidersService
FNDA:1,ListProvidersService.execute
DA:1,1
DA:2,1
DA:3,1
DA:4,1
DA:5,1
DA:6,1
DA:7,1
DA:8,1
DA:9,1
DA:10,1
DA:11,1
DA:12,1
DA:13,1
DA:14,1
DA:15,1
DA:16,1
DA:17,1
DA:18,1
DA:19,1
DA:20,1
DA:21,1
DA:22,1
DA:23,1
DA:24,1
LF:24
LH:24
BRDA:24,0,0,1
BRDA:24,1,0,1
BRDA:24,2,0,0
BRDA:24,3,0,0
BRDA:24,4,0,0
BRDA:24,5,0,0
BRDA:24,6,0,1
BRDA:24,7,0,1
BRDA:24,8,0,1
BRDA:24,9,0,1
BRDA:24,10,0,1
BRDA:24,11,0,0
BRDA:24,12,0,1
BRDA:24,13,0,1
BRDA:24,14,0,0
BRDA:24,15,0,2
BRDA:24,16,0,1
BRDA:24,17,0,1
BRDA:24,18,0,1
BRDA:24,19,0,1
BRDA:24,20,0,0
BRDA:24,21,0,3
BRDA:24,22,0,2
BRDA:24,23,0,2
BRDA:24,24,0,0
BRDA:24,25,0,4
BRDA:24,26,0,0
BRDA:24,27,0,0
BRDA:24,28,0,0
BRDA:24,29,0,0
BRDA:24,30,0,2
BRDA:24,31,0,2
BRDA:24,32,0,1
BRDA:24,33,0,0
BRDA:24,34,0,0
BRDA:24,35,0,1
BRDA:24,36,0,0
BRDA:24,37,0,0
BRDA:24,38,0,0
BRDA:24,39,0,0
BRDA:24,40,0,0
BRDA:24,41,0,2
BRDA:24,42,0,0
BRDA:24,43,0,2
BRDA:24,44,0,1
BRDA:24,45,0,0
BRDA:24,46,0,1
BRDA:24,47,0,0
BRDA:10,48,0,1
BRDA:11,49,0,1
BRDA:15,50,0,1
BRDA:24,51,0,1
BRDA:24,52,0,2
BRDA:16,53,0,1
BRDA:24,54,0,1
BRF:55
BRH:33
end_of_record
TN:
SF:src\modules\users\services\AuthenticateUserService.ts
FN:52,__decorate
FN:52,__metadata
FN:52,__param
FN:52,__awaiter
FN:52,adopt
FN:52,fulfilled
FN:52,rejected
FN:52,step
FN:52,__generator
FN:52,sent
FN:52,g.<computed>
FN:52,verb
FN:52,step
FN:52,__importDefault
FN:22,AutenticateUserService
FN:29,AutenticateUserService.execute
FNF:16
FNH:14
FNDA:1,__decorate
FNDA:1,__metadata
FNDA:2,__param
FNDA:3,__awaiter
FNDA:5,adopt
FNDA:5,fulfilled
FNDA:0,rejected
FNDA:6,step
FNDA:3,__generator
FNDA:5,sent
FNDA:0,g.<computed>
FNDA:9,verb
FNDA:8,step
FNDA:2,__importDefault
FNDA:3,AutenticateUserService
FNDA:3,AutenticateUserService.execute
DA:1,1
DA:2,1
DA:3,1
DA:4,1
DA:5,1
DA:6,1
DA:7,1
DA:8,1
DA:9,1
DA:10,1
DA:11,1
DA:12,1
DA:13,1
DA:14,1
DA:15,1
DA:16,1
DA:17,1
DA:18,1
DA:19,1
DA:20,1
DA:21,1
DA:22,1
DA:23,3
DA:24,3
DA:25,3
DA:26,3
DA:27,3
DA:28,1
DA:29,1
DA:30,3
DA:31,3
DA:32,3
DA:33,1
DA:34,1
DA:35,2
DA:36,2
DA:37,3
DA:38,3
DA:39,1
DA:40,1
DA:41,1
DA:42,1
DA:43,1
DA:44,1
DA:45,1
DA:46,1
DA:47,1
DA:48,1
DA:49,1
DA:50,3
DA:51,1
DA:52,1
LF:52
LH:52
BRDA:52,0,0,1
BRDA:52,1,0,1
BRDA:52,2,0,0
BRDA:52,3,0,0
BRDA:52,4,0,0
BRDA:52,5,0,0
BRDA:52,6,0,1
BRDA:52,7,0,2
BRDA:52,8,0,2
BRDA:52,9,0,3
BRDA:52,10,0,5
BRDA:52,11,0,0
BRDA:52,12,0,3
BRDA:52,13,0,5
BRDA:52,14,0,3
BRDA:52,15,0,2
BRDA:52,16,0,6
BRDA:52,17,0,1
BRDA:52,18,0,5
BRDA:52,19,0,3
BRDA:52,20,0,5
BRDA:52,21,0,0
BRDA:52,22,0,9
BRDA:52,23,0,8
BRDA:52,24,0,8
BRDA:52,25,0,0
BRDA:52,26,0,16
BRDA:52,27,0,0
BRDA:52,28,0,0
BRDA:52,29,0,0
BRDA:52,30,0,0
BRDA:52,31,0,8
BRDA:52,32,0,8
BRDA:52,33,0,5
BRDA:52,34,0,0
BRDA:52,35,0,0
BRDA:52,36,0,3
BRDA:52,37,0,0
BRDA:52,38,0,1
BRDA:52,39,0,0
BRDA:52,40,0,0
BRDA:52,41,0,0
BRDA:52,42,0,0
BRDA:52,43,0,8
BRDA:52,44,0,6
BRDA:52,45,0,2
BRDA:52,46,0,8
BRDA:52,47,0,3
BRDA:52,48,0,2
BRDA:52,49,0,1
BRDA:52,50,0,0
BRDA:52,51,0,2
BRDA:52,52,0,0
BRDA:21,53,0,1
BRDA:22,54,0,3
BRDA:29,55,0,3
BRDA:52,56,0,3
BRDA:52,57,0,8
BRDA:30,58,0,3
BRDA:52,59,0,3
BRDA:32,60,0,1
BRDA:34,61,0,2
BRDA:52,62,0,2
BRDA:38,63,0,1
BRF:64
BRH:44
end_of_record
TN:
SF:src\modules\users\services\CreateUserService.ts
FN:39,__decorate
FN:39,__metadata
FN:39,__param
FN:39,__awaiter
FN:39,adopt
FN:39,fulfilled
FN:39,rejected
FN:39,step
FN:39,__generator
FN:39,sent
FN:39,g.<computed>
FN:39,verb
FN:39,step
FN:39,__importDefault
FN:15,CreateUserService
FN:22,CreateUserService.execute
FNF:16
FNH:14
FNDA:2,__decorate
FNDA:2,__metadata
FNDA:4,__param
FNDA:5,__awaiter
FNDA:13,adopt
FNDA:13,fulfilled
FNDA:0,rejected
FNDA:17,step
FNDA:5,__generator
FNDA:13,sent
FNDA:0,g.<computed>
FNDA:15,verb
FNDA:18,step
FNDA:2,__importDefault
FNDA:5,CreateUserService
FNDA:5,CreateUserService.execute
DA:1,1
DA:2,1
DA:3,1
DA:4,1
DA:5,1
DA:6,1
DA:7,1
DA:8,1
DA:9,1
DA:10,1
DA:11,1
DA:12,1
DA:13,1
DA:14,2
DA:15,2
DA:16,5
DA:17,5
DA:18,5
DA:19,5
DA:20,5
DA:21,2
DA:22,2
DA:23,5
DA:24,5
DA:25,5
DA:26,1
DA:27,1
DA:28,4
DA:29,4
DA:30,5
DA:31,5
DA:32,5
DA:33,5
DA:34,5
DA:35,5
DA:36,5
DA:37,5
DA:38,5
DA:39,2
LF:39
LH:39
BRDA:39,0,0,2
BRDA:39,1,0,2
BRDA:39,2,0,0
BRDA:39,3,0,0
BRDA:39,4,0,0
BRDA:39,5,0,0
BRDA:39,6,0,2
BRDA:39,7,0,4
BRDA:39,8,0,4
BRDA:39,9,0,5
BRDA:39,10,0,13
BRDA:39,11,0,0
BRDA:39,12,0,5
BRDA:39,13,0,13
BRDA:39,14,0,12
BRDA:39,15,0,1
BRDA:39,16,0,17
BRDA:39,17,0,4
BRDA:39,18,0,13
BRDA:39,19,0,5
BRDA:39,20,0,13
BRDA:39,21,0,0
BRDA:39,22,0,15
BRDA:39,23,0,18
BRDA:39,24,0,18
BRDA:39,25,0,0
BRDA:39,26,0,36
BRDA:39,27,0,0
BRDA:39,28,0,0
BRDA:39,29,0,0
BRDA:39,30,0,0
BRDA:39,31,0,18
BRDA:39,32,0,18
BRDA:39,33,0,13
BRDA:39,34,0,0
BRDA:39,35,0,0
BRDA:39,36,0,5
BRDA:39,37,0,0
BRDA:39,38,0,4
BRDA:39,39,0,0
BRDA:39,40,0,0
BRDA:39,41,0,0
BRDA:39,42,0,0
BRDA:39,43,0,28
BRDA:39,44,0,18
BRDA:39,45,0,17
BRDA:39,46,0,1
BRDA:39,47,0,18
BRDA:39,48,0,5
BRDA:39,49,0,1
BRDA:39,50,0,4
BRDA:39,51,0,0
BRDA:39,52,0,2
BRDA:39,53,0,0
BRDA:14,54,0,2
BRDA:15,55,0,5
BRDA:22,56,0,5
BRDA:39,57,0,5
BRDA:39,58,0,18
BRDA:23,59,0,5
BRDA:39,60,0,5
BRDA:25,61,0,1
BRDA:27,62,0,4
BRDA:39,63,0,4
BRDA:39,64,0,4
BRF:65
BRH:45
end_of_record
TN:
SF:src\modules\users\services\ResetPasswordService.ts
FN:47,__decorate
FN:47,__metadata
FN:47,__param
FN:47,__awaiter
FN:47,adopt
FN:47,fulfilled
FN:47,rejected
FN:47,step
FN:47,__generator
FN:47,sent
FN:47,g.<computed>
FN:47,verb
FN:47,step
FN:47,__importDefault
FN:15,ResetPasswordService
FN:24,ResetPasswordService.execute
FNF:16
FNH:14
FNDA:1,__decorate
FNDA:1,__metadata
FNDA:3,__param
FNDA:4,__awaiter
FNDA:9,adopt
FNDA:9,fulfilled
FNDA:0,rejected
FNDA:10,step
FNDA:4,__generator
FNDA:9,sent
FNDA:0,g.<computed>
FNDA:12,verb
FNDA:13,step
FNDA:1,__importDefault
FNDA:4,ResetPasswordService
FNDA:4,ResetPasswordService.execute
DA:1,1
DA:2,1
DA:3,1
DA:4,1
DA:5,1
DA:6,1
DA:7,1
DA:8,1
DA:9,1
DA:10,1
DA:11,1
DA:12,1
DA:13,1
DA:14,1
DA:15,1
DA:16,4
DA:17,4
DA:18,4
DA:19,4
DA:20,4
DA:21,4
DA:22,4
DA:23,1
DA:24,1
DA:25,4
DA:26,4
DA:27,4
DA:28,1
DA:29,1
DA:30,3
DA:31,3
DA:32,4
DA:33,4
DA:34,1
DA:35,1
DA:36,2
DA:37,2
DA:38,2
DA:39,4
DA:40,1
DA:41,1
DA:42,1
DA:43,1
DA:44,4
DA:45,4
DA:46,4
DA:47,1
LF:47
LH:47
BRDA:47,0,0,1
BRDA:47,1,0,1
BRDA:47,2,0,0
BRDA:47,3,0,0
BRDA:47,4,0,0
BRDA:47,5,0,0
BRDA:47,6,0,1
BRDA:47,7,0,3
BRDA:47,8,0,3
BRDA:47,9,0,4
BRDA:47,10,0,9
BRDA:47,11,0,0
BRDA:47,12,0,4
BRDA:47,13,0,9
BRDA:47,14,0,6
BRDA:47,15,0,3
BRDA:47,16,0,10
BRDA:47,17,0,1
BRDA:47,18,0,9
BRDA:47,19,0,4
BRDA:47,20,0,9
BRDA:47,21,0,0
BRDA:47,22,0,12
BRDA:47,23,0,13
BRDA:47,24,0,13
BRDA:47,25,0,0
BRDA:47,26,0,26
BRDA:47,27,0,0
BRDA:47,28,0,0
BRDA:47,29,0,0
BRDA:47,30,0,0
BRDA:47,31,0,13
BRDA:47,32,0,13
BRDA:47,33,0,9
BRDA:47,34,0,0
BRDA:47,35,0,0
BRDA:47,36,0,4
BRDA:47,37,0,0
BRDA:47,38,0,1
BRDA:47,39,0,0
BRDA:47,40,0,0
BRDA:47,41,0,0
BRDA:47,42,0,0
BRDA:47,43,0,13
BRDA:47,44,0,10
BRDA:47,45,0,3
BRDA:47,46,0,13
BRDA:47,47,0,4
BRDA:47,48,0,3
BRDA:47,49,0,1
BRDA:47,50,0,0
BRDA:47,51,0,1
BRDA:47,52,0,0
BRDA:14,53,0,1
BRDA:15,54,0,4
BRDA:24,55,0,4
BRDA:47,56,0,4
BRDA:47,57,0,13
BRDA:25,58,0,4
BRDA:47,59,0,4
BRDA:27,60,0,1
BRDA:29,61,0,3
BRDA:47,62,0,3
BRDA:33,63,0,1
BRDA:35,64,0,2
BRDA:39,65,0,1
BRDA:47,66,0,1
BRDA:47,67,0,1
BRF:68
BRH:48
end_of_record
TN:
SF:src\modules\users\services\SendForgotPasswordEmailService.ts
FN:54,__decorate
FN:54,__metadata
FN:54,__param
FN:54,__awaiter
FN:54,adopt
FN:54,fulfilled
FN:54,rejected
FN:54,step
FN:54,__generator
FN:54,sent
FN:54,g.<computed>
FN:54,verb
FN:54,step
FN:54,__importDefault
FN:14,SendForgotPasswordEmailService
FN:23,SendForgotPasswordEmailService.execute
FNF:16
FNH:14
FNDA:1,__decorate
FNDA:1,__metadata
FNDA:3,__param
FNDA:3,__awaiter
FNDA:7,adopt
FNDA:7,fulfilled
FNDA:0,rejected
FNDA:9,step
FNDA:3,__generator
FNDA:7,sent
FNDA:0,g.<computed>
FNDA:9,verb
FNDA:10,step
FNDA:2,__importDefault
FNDA:3,SendForgotPasswordEmailService
FNDA:3,SendForgotPasswordEmailService.execute
DA:1,1
DA:2,1
DA:3,1
DA:4,1
DA:5,1
DA:6,1
DA:7,1
DA:8,1
DA:9,1
DA:10,1
DA:11,1
DA:12,1
DA:13,1
DA:14,1
DA:15,3
DA:16,3
DA:17,3
DA:18,3
DA:19,3
DA:20,3
DA:21,3
DA:22,1
DA:23,1
DA:24,3
DA:25,3
DA:26,3
DA:27,1
DA:28,1
DA:29,2
DA:30,2
DA:31,3
DA:32,3
DA:33,3
DA:34,3
DA:35,3
DA:36,3
DA:37,3
DA:38,3
DA:39,3
DA:40,3
DA:41,3
DA:42,3
DA:43,3
DA:44,3
DA:45,3
DA:46,3
DA:47,3
DA:48,3
DA:49,3
DA:50,3
DA:51,3
DA:52,3
DA:53,3
DA:54,1
LF:54
LH:54
BRDA:54,0,0,1
BRDA:54,1,0,1
BRDA:54,2,0,0
BRDA:54,3,0,0
BRDA:54,4,0,0
BRDA:54,5,0,0
BRDA:54,6,0,1
BRDA:54,7,0,3
BRDA:54,8,0,3
BRDA:54,9,0,3
BRDA:54,10,0,7
BRDA:54,11,0,0
BRDA:54,12,0,3
BRDA:54,13,0,7
BRDA:54,14,0,6
BRDA:54,15,0,1
BRDA:54,16,0,9
BRDA:54,17,0,2
BRDA:54,18,0,7
BRDA:54,19,0,3
BRDA:54,20,0,7
BRDA:54,21,0,0
BRDA:54,22,0,9
BRDA:54,23,0,10
BRDA:54,24,0,10
BRDA:54,25,0,0
BRDA:54,26,0,20
BRDA:54,27,0,0
BRDA:54,28,0,0
BRDA:54,29,0,0
BRDA:54,30,0,0
BRDA:54,31,0,10
BRDA:54,32,0,10
BRDA:54,33,0,7
BRDA:54,34,0,0
BRDA:54,35,0,0
BRDA:54,36,0,3
BRDA:54,37,0,0
BRDA:54,38,0,2
BRDA:54,39,0,0
BRDA:54,40,0,0
BRDA:54,41,0,0
BRDA:54,42,0,0
BRDA:54,43,0,10
BRDA:54,44,0,9
BRDA:54,45,0,1
BRDA:54,46,0,10
BRDA:54,47,0,3
BRDA:54,48,0,1
BRDA:54,49,0,2
BRDA:54,50,0,0
BRDA:54,51,0,2
BRDA:54,52,0,1
BRDA:54,53,0,1
BRDA:13,54,0,1
BRDA:14,55,0,3
BRDA:23,56,0,3
BRDA:54,57,0,3
BRDA:54,58,0,10
BRDA:24,59,0,3
BRDA:54,60,0,3
BRDA:26,61,0,1
BRDA:28,62,0,2
BRDA:54,63,0,2
BRDA:54,64,0,2
BRF:65
BRH:46
end_of_record
TN:
SF:src\modules\users\services\ShowProfileService.ts
FN:28,__decorate
FN:28,__metadata
FN:28,__param
FN:28,__awaiter
FN:28,adopt
FN:28,fulfilled
FN:28,rejected
FN:28,step
FN:28,__generator
FN:28,sent
FN:28,g.<computed>
FN:28,verb
FN:28,step
FN:28,__importDefault
FN:13,ShowProfileService
FN:17,ShowProfileService.execute
FNF:16
FNH:14
FNDA:1,__decorate
FNDA:1,__metadata
FNDA:1,__param
FNDA:2,__awaiter
FNDA:2,adopt
FNDA:2,fulfilled
FNDA:0,rejected
FNDA:3,step
FNDA:2,__generator
FNDA:2,sent
FNDA:0,g.<computed>
FNDA:6,verb
FNDA:4,step
FNDA:1,__importDefault
FNDA:2,ShowProfileService
FNDA:2,ShowProfileService.execute
DA:1,1
DA:2,1
DA:3,1
DA:4,1
DA:5,1
DA:6,1
DA:7,1
DA:8,1
DA:9,1
DA:10,1
DA:11,1
DA:12,1
DA:13,1
DA:14,2
DA:15,2
DA:16,2
DA:17,1
DA:18,2
DA:19,2
DA:20,2
DA:21,1
DA:22,1
DA:23,1
DA:24,1
DA:25,2
DA:26,1
DA:27,1
DA:28,1
LF:28
LH:28
BRDA:28,0,0,1
BRDA:28,1,0,1
BRDA:28,2,0,0
BRDA:28,3,0,0
BRDA:28,4,0,0
BRDA:28,5,0,0
BRDA:28,6,0,1
BRDA:28,7,0,1
BRDA:28,8,0,1
BRDA:28,9,0,2
BRDA:28,10,0,2
BRDA:28,11,0,0
BRDA:28,12,0,2
BRDA:28,13,0,2
BRDA:28,14,0,1
BRDA:28,15,0,3
BRDA:28,16,0,1
BRDA:28,17,0,2
BRDA:28,18,0,2
BRDA:28,19,0,2
BRDA:28,20,0,0
BRDA:28,21,0,6
BRDA:28,22,0,4
BRDA:28,23,0,4
BRDA:28,24,0,0
BRDA:28,25,0,8
BRDA:28,26,0,0
BRDA:28,27,0,0
BRDA:28,28,0,0
BRDA:28,29,0,0
BRDA:28,30,0,4
BRDA:28,31,0,4
BRDA:28,32,0,2
BRDA:28,33,0,0
BRDA:28,34,0,0
BRDA:28,35,0,2
BRDA:28,36,0,0
BRDA:28,37,0,1
BRDA:28,38,0,0
BRDA:28,39,0,0
BRDA:28,40,0,0
BRDA:28,41,0,0
BRDA:28,42,0,4
BRDA:28,43,0,3
BRDA:28,44,0,1
BRDA:28,45,0,4
BRDA:28,46,0,2
BRDA:28,47,0,1
BRDA:28,48,0,0
BRDA:28,49,0,1
BRDA:28,50,0,0
BRDA:12,51,0,1
BRDA:13,52,0,2
BRDA:17,53,0,2
BRDA:28,54,0,2
BRDA:28,55,0,4
BRDA:18,56,0,2
BRDA:28,57,0,2
BRDA:20,58,0,1
BRF:59
BRH:39
end_of_record
TN:
SF:src\modules\users\services\UpdateProfileService.ts
FN:68,__decorate
FN:68,__metadata
FN:68,__param
FN:68,__awaiter
FN:68,adopt
FN:68,fulfilled
FN:68,rejected
FN:68,step
FN:68,__generator
FN:68,sent
FN:68,g.<computed>
FN:68,verb
FN:68,step
FN:68,__importDefault
FN:17,UpdateProfileService
FN:23,UpdateProfileService.execute
FNF:16
FNH:14
FNDA:1,__decorate
FNDA:1,__metadata
FNDA:2,__param
FNDA:6,__awaiter
FNDA:14,adopt
FNDA:14,fulfilled
FNDA:0,rejected
FNDA:16,step
FNDA:6,__generator
FNDA:14,sent
FNDA:0,g.<computed>
FNDA:18,verb
FNDA:20,step
FNDA:1,__importDefault
FNDA:6,UpdateProfileService
FNDA:6,UpdateProfileService.execute
DA:1,1
DA:2,1
DA:3,1
DA:4,1
DA:5,1
DA:6,1
DA:7,1
DA:8,1
DA:9,1
DA:10,1
DA:11,1
DA:12,1
DA:13,1
DA:14,1
DA:15,1
DA:16,1
DA:17,1
DA:18,6
DA:19,6
DA:20,6
DA:21,6
DA:22,6
DA:23,1
DA:24,6
DA:25,6
DA:26,6
DA:27,6
DA:28,6
DA:29,6
DA:30,6
DA:31,6
DA:32,6
DA:33,1
DA:34,1
DA:35,5
DA:36,5
DA:37,6
DA:38,6
DA:39,1
DA:40,1
DA:41,4
DA:42,4
DA:43,4
DA:44,4
DA:45,6
DA:46,1
DA:47,1
DA:48,1
DA:49,1
DA:50,3
DA:51,6
DA:52,2
DA:53,2
DA:54,2
DA:55,2
DA:56,6
DA:57,6
DA:58,1
DA:59,1
DA:60,1
DA:61,1
DA:62,6
DA:63,6
DA:64,6
DA:65,6
DA:66,1
DA:67,1
DA:68,1
LF:68
LH:68
BRDA:68,0,0,1
BRDA:68,1,0,1
BRDA:68,2,0,0
BRDA:68,3,0,0
BRDA:68,4,0,0
BRDA:68,5,0,0
BRDA:68,6,0,1
BRDA:68,7,0,2
BRDA:68,8,0,2
BRDA:68,9,0,6
BRDA:68,10,0,14
BRDA:68,11,0,0
BRDA:68,12,0,6
BRDA:68,13,0,14
BRDA:68,14,0,10
BRDA:68,15,0,4
BRDA:68,16,0,16
BRDA:68,17,0,2
BRDA:68,18,0,14
BRDA:68,19,0,6
BRDA:68,20,0,14
BRDA:68,21,0,0
BRDA:68,22,0,18
BRDA:68,23,0,20
BRDA:68,24,0,20
BRDA:68,25,0,0
BRDA:68,26,0,41
BRDA:68,27,0,0
BRDA:68,28,0,0
BRDA:68,29,0,0
BRDA:68,30,0,0
BRDA:68,31,0,20
BRDA:68,32,0,20
BRDA:68,33,0,14
BRDA:68,34,0,0
BRDA:68,35,0,0
BRDA:68,36,0,7
BRDA:68,37,0,0
BRDA:68,38,0,3
BRDA:68,39,0,6
BRDA:68,40,0,1
BRDA:68,41,0,0
BRDA:68,42,0,1
BRDA:68,43,0,0
BRDA:68,44,0,0
BRDA:68,45,0,0
BRDA:68,46,0,21
BRDA:68,47,0,17
BRDA:68,48,0,4
BRDA:68,49,0,21
BRDA:68,50,0,6
BRDA:68,51,0,4
BRDA:68,52,0,2
BRDA:68,53,0,0
BRDA:68,54,0,1
BRDA:68,55,0,0
BRDA:16,56,0,1
BRDA:17,57,0,6
BRDA:23,58,0,6
BRDA:68,59,0,6
BRDA:68,60,0,21
BRDA:30,61,0,6
BRDA:68,62,0,6
BRDA:32,63,0,1
BRDA:34,64,0,5
BRDA:68,65,0,5
BRDA:38,66,0,1
BRDA:38,67,0,1
BRDA:40,68,0,4
BRDA:45,69,0,3
BRDA:45,70,0,1
BRDA:49,71,0,3
BRDA:51,72,0,2
BRDA:51,73,0,1
BRDA:51,74,0,2
BRDA:68,75,0,2
BRDA:57,76,0,1
BRDA:68,77,0,1
BRDA:64,78,0,2
BRF:79
BRH:59
end_of_record
TN:
SF:src\modules\users\services\UpdateUserAvatarService.ts
FN:44,__decorate
FN:44,__metadata
FN:44,__param
FN:44,__awaiter
FN:44,adopt
FN:44,fulfilled
FN:44,rejected
FN:44,step
FN:44,__generator
FN:44,sent
FN:44,g.<computed>
FN:44,verb
FN:44,step
FN:44,__importDefault
FN:17,UpdateUserAvatarService
FN:23,UpdateUserAvatarService.execute
FNF:16
FNH:14
FNDA:1,__decorate
FNDA:1,__metadata
FNDA:2,__param
FNDA:4,__awaiter
FNDA:11,adopt
FNDA:11,fulfilled
FNDA:0,rejected
FNDA:14,step
FNDA:4,__generator
FNDA:11,sent
FNDA:0,g.<computed>
FNDA:12,verb
FNDA:15,step
FNDA:1,__importDefault
FNDA:3,UpdateUserAvatarService
FNDA:4,UpdateUserAvatarService.execute
DA:1,1
DA:2,1
DA:3,1
DA:4,1
DA:5,1
DA:6,1
DA:7,1
DA:8,1
DA:9,1
DA:10,1
DA:11,1
DA:12,1
DA:13,1
DA:14,1
DA:15,1
DA:16,1
DA:17,1
DA:18,3
DA:19,3
DA:20,3
DA:21,3
DA:22,3
DA:23,1
DA:24,4
DA:25,4
DA:26,4
DA:27,1
DA:28,1
DA:29,3
DA:30,3
DA:31,1
DA:32,4
DA:33,4
DA:34,4
DA:35,4
DA:36,4
DA:37,4
DA:38,4
DA:39,4
DA:40,4
DA:41,4
DA:42,1
DA:43,1
DA:44,1
LF:44
LH:44
BRDA:44,0,0,1
BRDA:44,1,0,1
BRDA:44,2,0,0
BRDA:44,3,0,0
BRDA:44,4,0,0
BRDA:44,5,0,0
BRDA:44,6,0,1
BRDA:44,7,0,2
BRDA:44,8,0,2
BRDA:44,9,0,4
BRDA:44,10,0,11
BRDA:44,11,0,0
BRDA:44,12,0,4
BRDA:44,13,0,11
BRDA:44,14,0,10
BRDA:44,15,0,1
BRDA:44,16,0,14
BRDA:44,17,0,3
BRDA:44,18,0,11
BRDA:44,19,0,4
BRDA:44,20,0,11
BRDA:44,21,0,0
BRDA:44,22,0,12
BRDA:44,23,0,15
BRDA:44,24,0,15
BRDA:44,25,0,0
BRDA:44,26,0,32
BRDA:44,27,0,0
BRDA:44,28,0,0
BRDA:44,29,0,0
BRDA:44,30,0,0
BRDA:44,31,0,15
BRDA:44,32,0,15
BRDA:44,33,0,11
BRDA:44,34,0,0
BRDA:44,35,0,0
BRDA:44,36,0,6
BRDA:44,37,0,0
BRDA:44,38,0,5
BRDA:44,39,0,4
BRDA:44,40,0,2
BRDA:44,41,0,0
BRDA:44,42,0,2
BRDA:44,43,0,0
BRDA:44,44,0,0
BRDA:44,45,0,0
BRDA:44,46,0,17
BRDA:44,47,0,16
BRDA:44,48,0,1
BRDA:44,49,0,17
BRDA:44,50,0,4
BRDA:44,51,0,1
BRDA:44,52,0,3
BRDA:44,53,0,0
BRDA:44,54,0,1
BRDA:44,55,0,0
BRDA:16,56,0,1
BRDA:17,57,0,3
BRDA:23,58,0,4
BRDA:44,59,0,4
BRDA:44,60,0,17
BRDA:24,61,0,4
BRDA:44,62,0,4
BRDA:26,63,0,1
BRDA:28,64,0,3
BRDA:30,65,0,2
BRDA:30,66,0,1
BRDA:44,67,0,1
BRDA:34,68,0,3
BRDA:44,69,0,3
BRDA:44,70,0,3
BRF:71
BRH:51
end_of_record
